{"name": "test_01", "status": "broken", "statusDetails": {"message": "selenium.common.exceptions.NoSuchElementException: Message: no such element: Unable to locate element: {\"method\":\"css selector\",\"selector\":\"[id=\"k21w\"]\"}\n  (Session info: chrome=108.0.5359.124)\nStacktrace:\n0   chromedriver                        0x000000010f4ad2c8 chromedriver + 4752072\n1   chromedriver                        0x000000010f42d463 chromedriver + 4228195\n2   chromedriver                        0x000000010f090b18 chromedriver + 441112\n3   chromedriver                        0x000000010f0cde21 chromedriver + 691745\n4   chromedriver                        0x000000010f0ce061 chromedriver + 692321\n5   chromedriver                        0x000000010f1095e4 chromedriver + 935396\n6   chromedriver                        0x000000010f0eed2d chromedriver + 826669\n7   chromedriver                        0x000000010f107134 chromedriver + 926004\n8   chromedriver                        0x000000010f0eeb33 chromedriver + 826163\n9   chromedriver                        0x000000010f0bf9fd chromedriver + 633341\n10  chromedriver                        0x000000010f0c1051 chromedriver + 639057\n11  chromedriver                        0x000000010f47a30e chromedriver + 4543246\n12  chromedriver                        0x000000010f47ea88 chromedriver + 4561544\n13  chromedriver                        0x000000010f4866df chromedriver + 4593375\n14  chromedriver                        0x000000010f47f8fa chromedriver + 4565242\n15  chromedriver                        0x000000010f4552cf chromedriver + 4391631\n16  chromedriver                        0x000000010f49e5b8 chromedriver + 4691384\n17  chromedriver                        0x000000010f49e739 chromedriver + 4691769\n18  chromedriver                        0x000000010f4b481e chromedriver + 4782110\n19  libsystem_pthread.dylib             0x00007ff81ad234e1 _pthread_start + 125\n20  libsystem_pthread.dylib             0x00007ff81ad1ef6b thread_start + 15", "trace": "self = <test_2.Test object at 0x7fa0e5290790>\ndriver = <selenium.webdriver.chrome.webdriver.WebDriver (session=\"9ca8d11aa1e55c6e7bfa033a16f27b1e\")>\n\n    def test_01(self, driver):\n        driver.get('http://baidu.com')\n        time.sleep(2)\n>       driver.find_element(By.ID, 'k21w').send_keys('测试')\n\ntest_2.py:10: \n_ _ _ _ _ _ _ _ _ _ _ _ _ _ _ _ _ _ _ _ _ _ _ _ _ _ _ _ _ _ _ _ _ _ _ _ _ _ _ _ \n/Library/Frameworks/Python.framework/Versions/3.9/lib/python3.9/site-packages/selenium/webdriver/remote/webdriver.py:855: in find_element\n    return self.execute(Command.FIND_ELEMENT, {\n/Library/Frameworks/Python.framework/Versions/3.9/lib/python3.9/site-packages/selenium/webdriver/remote/webdriver.py:428: in execute\n    self.error_handler.check_response(response)\n_ _ _ _ _ _ _ _ _ _ _ _ _ _ _ _ _ _ _ _ _ _ _ _ _ _ _ _ _ _ _ _ _ _ _ _ _ _ _ _ \n\nself = <selenium.webdriver.remote.errorhandler.ErrorHandler object at 0x7fa0e5290d30>\nresponse = {'status': 404, 'value': '{\"value\":{\"error\":\"no such element\",\"message\":\"no such element: Unable to locate element: {\\...ff81ad234e1 _pthread_start + 125\\\\n20  libsystem_pthread.dylib             0x00007ff81ad1ef6b thread_start + 15\\\\n\"}}'}\n\n    def check_response(self, response: Dict[str, Any]) -> None:\n        \"\"\"\n        Checks that a JSON response from the WebDriver does not have an error.\n    \n        :Args:\n         - response - The JSON response from the WebDriver server as a dictionary\n           object.\n    \n        :Raises: If the response contains an error message.\n        \"\"\"\n        status = response.get('status', None)\n        if not status or status == ErrorCode.SUCCESS:\n            return\n        value = None\n        message = response.get(\"message\", \"\")\n        screen: str = response.get(\"screen\", \"\")\n        stacktrace = None\n        if isinstance(status, int):\n            value_json = response.get('value', None)\n            if value_json and isinstance(value_json, str):\n                import json\n                try:\n                    value = json.loads(value_json)\n                    if len(value.keys()) == 1:\n                        value = value['value']\n                    status = value.get('error', None)\n                    if not status:\n                        status = value.get(\"status\", ErrorCode.UNKNOWN_ERROR)\n                        message = value.get(\"value\") or value.get(\"message\")\n                        if not isinstance(message, str):\n                            value = message\n                            message = message.get('message')\n                    else:\n                        message = value.get('message', None)\n                except ValueError:\n                    pass\n    \n        exception_class: Type[WebDriverException]\n        if status in ErrorCode.NO_SUCH_ELEMENT:\n            exception_class = NoSuchElementException\n        elif status in ErrorCode.NO_SUCH_FRAME:\n            exception_class = NoSuchFrameException\n        elif status in ErrorCode.NO_SUCH_SHADOW_ROOT:\n            exception_class = NoSuchShadowRootException\n        elif status in ErrorCode.NO_SUCH_WINDOW:\n            exception_class = NoSuchWindowException\n        elif status in ErrorCode.STALE_ELEMENT_REFERENCE:\n            exception_class = StaleElementReferenceException\n        elif status in ErrorCode.ELEMENT_NOT_VISIBLE:\n            exception_class = ElementNotVisibleException\n        elif status in ErrorCode.INVALID_ELEMENT_STATE:\n            exception_class = InvalidElementStateException\n        elif status in ErrorCode.INVALID_SELECTOR \\\n                or status in ErrorCode.INVALID_XPATH_SELECTOR \\\n                or status in ErrorCode.INVALID_XPATH_SELECTOR_RETURN_TYPER:\n            exception_class = InvalidSelectorException\n        elif status in ErrorCode.ELEMENT_IS_NOT_SELECTABLE:\n            exception_class = ElementNotSelectableException\n        elif status in ErrorCode.ELEMENT_NOT_INTERACTABLE:\n            exception_class = ElementNotInteractableException\n        elif status in ErrorCode.INVALID_COOKIE_DOMAIN:\n            exception_class = InvalidCookieDomainException\n        elif status in ErrorCode.UNABLE_TO_SET_COOKIE:\n            exception_class = UnableToSetCookieException\n        elif status in ErrorCode.TIMEOUT:\n            exception_class = TimeoutException\n        elif status in ErrorCode.SCRIPT_TIMEOUT:\n            exception_class = TimeoutException\n        elif status in ErrorCode.UNKNOWN_ERROR:\n            exception_class = WebDriverException\n        elif status in ErrorCode.UNEXPECTED_ALERT_OPEN:\n            exception_class = UnexpectedAlertPresentException\n        elif status in ErrorCode.NO_ALERT_OPEN:\n            exception_class = NoAlertPresentException\n        elif status in ErrorCode.IME_NOT_AVAILABLE:\n            exception_class = ImeNotAvailableException\n        elif status in ErrorCode.IME_ENGINE_ACTIVATION_FAILED:\n            exception_class = ImeActivationFailedException\n        elif status in ErrorCode.MOVE_TARGET_OUT_OF_BOUNDS:\n            exception_class = MoveTargetOutOfBoundsException\n        elif status in ErrorCode.JAVASCRIPT_ERROR:\n            exception_class = JavascriptException\n        elif status in ErrorCode.SESSION_NOT_CREATED:\n            exception_class = SessionNotCreatedException\n        elif status in ErrorCode.INVALID_ARGUMENT:\n            exception_class = InvalidArgumentException\n        elif status in ErrorCode.NO_SUCH_COOKIE:\n            exception_class = NoSuchCookieException\n        elif status in ErrorCode.UNABLE_TO_CAPTURE_SCREEN:\n            exception_class = ScreenshotException\n        elif status in ErrorCode.ELEMENT_CLICK_INTERCEPTED:\n            exception_class = ElementClickInterceptedException\n        elif status in ErrorCode.INSECURE_CERTIFICATE:\n            exception_class = InsecureCertificateException\n        elif status in ErrorCode.INVALID_COORDINATES:\n            exception_class = InvalidCoordinatesException\n        elif status in ErrorCode.INVALID_SESSION_ID:\n            exception_class = InvalidSessionIdException\n        elif status in ErrorCode.UNKNOWN_METHOD:\n            exception_class = UnknownMethodException\n        else:\n            exception_class = WebDriverException\n        if not value:\n            value = response['value']\n        if isinstance(value, str):\n            raise exception_class(value)\n        if message == \"\" and 'message' in value:\n            message = value['message']\n    \n        screen = None  # type: ignore[assignment]\n        if 'screen' in value:\n            screen = value['screen']\n    \n        stacktrace = None\n        st_value = value.get('stackTrace') or value.get('stacktrace')\n        if st_value:\n            if isinstance(st_value, str):\n                stacktrace = st_value.split('\\n')\n            else:\n                stacktrace = []\n                try:\n                    for frame in st_value:\n                        line = frame.get(\"lineNumber\", \"\")\n                        file = frame.get(\"fileName\", \"<anonymous>\")\n                        if line:\n                            file = f\"{file}:{line}\"\n                        meth = frame.get('methodName', '<anonymous>')\n                        if 'className' in frame:\n                            meth = \"{}.{}\".format(frame['className'], meth)\n                        msg = \"    at %s (%s)\"\n                        msg = msg % (meth, file)\n                        stacktrace.append(msg)\n                except TypeError:\n                    pass\n        if exception_class == UnexpectedAlertPresentException:\n            alert_text = None\n            if 'data' in value:\n                alert_text = value['data'].get('text')\n            elif 'alert' in value:\n                alert_text = value['alert'].get('text')\n            raise exception_class(message, screen, stacktrace, alert_text)  # type: ignore[call-arg]  # mypy is not smart enough here\n>       raise exception_class(message, screen, stacktrace)\nE       selenium.common.exceptions.NoSuchElementException: Message: no such element: Unable to locate element: {\"method\":\"css selector\",\"selector\":\"[id=\"k21w\"]\"}\nE         (Session info: chrome=108.0.5359.124)\nE       Stacktrace:\nE       0   chromedriver                        0x000000010f4ad2c8 chromedriver + 4752072\nE       1   chromedriver                        0x000000010f42d463 chromedriver + 4228195\nE       2   chromedriver                        0x000000010f090b18 chromedriver + 441112\nE       3   chromedriver                        0x000000010f0cde21 chromedriver + 691745\nE       4   chromedriver                        0x000000010f0ce061 chromedriver + 692321\nE       5   chromedriver                        0x000000010f1095e4 chromedriver + 935396\nE       6   chromedriver                        0x000000010f0eed2d chromedriver + 826669\nE       7   chromedriver                        0x000000010f107134 chromedriver + 926004\nE       8   chromedriver                        0x000000010f0eeb33 chromedriver + 826163\nE       9   chromedriver                        0x000000010f0bf9fd chromedriver + 633341\nE       10  chromedriver                        0x000000010f0c1051 chromedriver + 639057\nE       11  chromedriver                        0x000000010f47a30e chromedriver + 4543246\nE       12  chromedriver                        0x000000010f47ea88 chromedriver + 4561544\nE       13  chromedriver                        0x000000010f4866df chromedriver + 4593375\nE       14  chromedriver                        0x000000010f47f8fa chromedriver + 4565242\nE       15  chromedriver                        0x000000010f4552cf chromedriver + 4391631\nE       16  chromedriver                        0x000000010f49e5b8 chromedriver + 4691384\nE       17  chromedriver                        0x000000010f49e739 chromedriver + 4691769\nE       18  chromedriver                        0x000000010f4b481e chromedriver + 4782110\nE       19  libsystem_pthread.dylib             0x00007ff81ad234e1 _pthread_start + 125\nE       20  libsystem_pthread.dylib             0x00007ff81ad1ef6b thread_start + 15\n\n/Library/Frameworks/Python.framework/Versions/3.9/lib/python3.9/site-packages/selenium/webdriver/remote/errorhandler.py:243: NoSuchElementException"}, "attachments": [{"name": "失败截图", "source": "e55e7035-eb3c-4075-83a4-ab6619ce13f5-attachment.png", "type": "image/png"}], "start": 1672393993697, "stop": 1672394001393, "uuid": "5c89c4ba-f327-4a04-8179-4f4b1383408b", "historyId": "a53574232c0cfcea8dab05264ef81607", "testCaseId": "5ab852a887d88cd7d5f73f13444e914e", "fullName": "test_2.Test#test_01", "labels": [{"name": "suite", "value": "test_2"}, {"name": "subSuite", "value": "Test"}, {"name": "host", "value": "LOSS.local"}, {"name": "thread", "value": "8169-MainThread"}, {"name": "framework", "value": "pytest"}, {"name": "language", "value": "cpython3"}, {"name": "package", "value": "test_2"}]}